Server running on port 3000
Connected to the SQLite database
Database tables created successfully
Database tables created successfully
Connecting to Lightstreamer...
Lightstreamer connection status: CONNECTING
Lightstreamer connection status: CONNECTED:WS-STREAMING
Subscribed to 298 items
Received update for AIRLOCK000001: -0.02866799943149089813232421875
Received update for AIRLOCK000002: -0.0048929997719824314117431640625
Received update for AIRLOCK000003: -0.02866799943149089813232421875
Received update for AIRLOCK000004: -0.0048929997719824314117431640625
Received update for AIRLOCK000005: -0.004250000230967998504638671875
Received update for AIRLOCK000006: -0.0048929997719824314117431640625
Received update for AIRLOCK000007: -0.02866799943149089813232421875
Received update for AIRLOCK000008: 0.001210000016726553440093994140625
Received update for AIRLOCK000009: -0.02866799943149089813232421875
Received update for AIRLOCK000010: -0.0048929997719824314117431640625
Received update for AIRLOCK000011: -0.3805319964885711669921875
Received update for AIRLOCK000012: -0.4253329932689666748046875
Received update for AIRLOCK000013: -0.3805319964885711669921875
Received update for AIRLOCK000014: -0.4228909909725189208984375
Received update for AIRLOCK000015: -0.3805319964885711669921875
Received update for AIRLOCK000016: -0.4277749955654144287109375
Received update for AIRLOCK000017: 0.0296539999544620513916015625
Received update for AIRLOCK000018: -0.00042500000563450157642364501953125
Received update for AIRLOCK000019: 1
Received update for AIRLOCK000020: 1
Received update for AIRLOCK000021: 1
Received update for AIRLOCK000022: 1
Received update for AIRLOCK000023: 2
Received update for AIRLOCK000024: 0
Received update for AIRLOCK000025: 30
Received update for AIRLOCK000026: 80
Received update for AIRLOCK000027: 133
Received update for AIRLOCK000028: 79
Received update for AIRLOCK000029: 2
Received update for AIRLOCK000030: 0
Received update for AIRLOCK000031: 72
Received update for AIRLOCK000032: 72
Received update for AIRLOCK000033: 197
Received update for AIRLOCK000034: 79
Received update for AIRLOCK000035: 2
Received update for AIRLOCK000036: 2
Received update for AIRLOCK000037: 91
Received update for AIRLOCK000038: 72
Received update for AIRLOCK000039: 87
Received update for AIRLOCK000040: 72
Received update for AIRLOCK000041: 0
Received update for AIRLOCK000042: 0
Received update for AIRLOCK000043: 0
Received update for AIRLOCK000044: 0
Received update for AIRLOCK000045: 0
Received update for AIRLOCK000046: 0
Received update for AIRLOCK000047: 0
Received update for AIRLOCK000048: 0
Received update for AIRLOCK000049: 749.3818359375
Received update for AIRLOCK000050: 0
Received update for AIRLOCK000051: 1
Received update for AIRLOCK000052: 1
Received update for AIRLOCK000053: 5
Received update for AIRLOCK000054: 751.2803955078125
Received update for AIRLOCK000055: 11353.94140625
Received update for AIRLOCK000056: 4594.177734375
Received update for AIRLOCK000057: 7378.60009765625
Received update for NODE2000001: 48.528278350830078125
Received update for NODE2000002: 76.27617645263671875
Received update for NODE2000003: 5
Received update for NODE2000006: 7.9375
Received update for NODE2000007: 17.0440731048583984375
Received update for NODE3000001: 153.9308914120292683946900069713592529296875
Received update for NODE3000002: 580.3691529140090779037564061582088470458984375
Received update for NODE3000003: 1.9346240612651406376443219414795748889446258544921875
Received update for NODE3000004: 16
Received update for NODE3000005: 41
Received update for NODE3000006: 3
Received update for NODE3000007: 2
Received update for NODE3000008: 23.1399993896484375
Received update for NODE3000009: 52.880001068115234375
Received update for NODE3000010: 1
Received update for NODE3000011: -59.456890106201171875
Received update for NODE3000012: 17.2327518463134765625
Received update for NODE3000013: 4.374999523162841796875
Received update for NODE3000017: 78.6591033935546875
Received update for NODE3000018: 5
Received update for NODE3000019: 80.1153411865234375
Received update for USLAB000053: 161.662660981807704274615389294922351837158203125
Received update for USLAB000054: 571.6824158493042205009260214865207672119140625
Received update for USLAB000055: 1.9610832292661071196704369867802597582340240478515625
Received update for USLAB000056: 54.538555145263671875
Received update for USLAB000057: 85.19892120361328125
Received update for USLAB000058: 751.07843017578125
Received update for USLAB000059: 23.574794769287109375
Received update for USLAB000060: 17.044071197509765625
Received update for USLAB000061: 4.31250286102294921875
Received update for USLAB000062: 1
Received update for USLAB000063: 1
Received update for USLAB000064: 5
Received update for USLAB000065: 4
Received update for AIRLOCK000058: 1
Received update for NODE1000001: 1
Received update for NODE1000002: 1
Received update for NODE2000004: 1
Received update for NODE2000005: 1
Received update for NODE3000014: 1
Received update for NODE3000015: 1
Received update for NODE3000016: 0
Received update for NODE3000020: 1
Received update for P1000006: 1
Received update for P1000008: 1
Received update for P1000009: 1
Received update for P3000001: 1
Received update for P3000002: 1
Received update for P4000003: 1
Received update for P4000006: 1
Received update for P6000003: 1
Received update for P6000006: 1
Received update for S0000010: 1
Received update for S0000011: 1
Received update for S0000012: 0
Received update for S0000013: 1
Received update for S1000006: 1
Received update for S1000007: 1
Received update for S1000008: 1
Received update for S3000001: 1
Received update for S3000002: 1
Received update for S4000003: 1
Received update for S4000006: 1
Received update for S6000003: 1
Received update for S6000006: 1
Received update for USLAB000066: 1
Received update for USLAB000067: 1
Received update for USLAB000068: 1
Received update for USLAB000069: 0
Received update for USLAB000070: 1
Received update for USLAB000071: 1
Received update for USLAB000072: 1
Received update for USLAB000073: 1
Received update for USLAB000074: 1
Received update for USLAB000075: 0
Received update for USLAB000076: 1
Received update for USLAB000077: 1
Received update for USLAB000078: 1
Received update for USLAB000079: 1
Received update for USLAB000080: 0
Received update for P1000001: 4367.55224609375
Received update for P1000002: 2391.0244140625
Received update for P1000003: 4.139708042144775390625
Received update for P4000001: 151.552734375
Received update for P4000002: 0
Received update for P4000004: 151.70654296875
Received update for P4000005: 0
Received update for P4000007: 146.05224609375
Received update for P4000008: 213.6346435546875
Received update for P6000001: 151.8603515625
Received update for P6000002: 0
Received update for P6000004: 151.6552734375
Received update for P6000005: 0
Received update for P6000007: 145.579833984375
Received update for P6000008: 218.375244140625
Received update for S1000001: 3385.113525390625
Received update for S1000002: 2129.06787109375
Received update for S1000003: 3.76427459716796875
Received update for S4000001: 151.80908203125
Received update for S4000002: 0
Received update for S4000004: 151.962890625
Received update for S4000005: 0
Received update for S4000007: 34.178466796875
Received update for S4000008: 326.0137939453125
Received update for S6000001: 151.80908203125
Received update for S6000002: 0
Received update for S6000004: 151.6552734375
Received update for S6000005: 0
Received update for S6000007: 33.9422607421875
Received update for S6000008: 325.513916015625
Received update for P1000004: 65.5124969482421875
Received update for P1000005: 46.78125
Received update for P1000007: 1
Received update for S1000004: 65.53125
Received update for S1000009: 1
Received update for USLAB000088: 1
Received update for USLAB000089: 1
Received update for USLAB000090: 1
Received update for USLAB000091: 1
Received update for USLAB000092: 1
Received update for USLAB000093: 0
Received update for USLAB000094: 1
Received update for USLAB000095: 16
Received update for USLAB000096: 4
Received update for USLAB000097: 19
Received update for USLAB000098: 0
Received update for USLAB000099: 0
Received update for USLAB000100: 0
Received update for USLAB000101: 0
Received update for Z1000013: 1
Received update for Z1000014: -45.01099395751953125
Received update for Z1000015: -14.67773723602294921875
Received update for S0000001: 24.5745792388916015625
Received update for S0000002: 15.06591320037841796875
Received update for S0000003: 318.970306396484375
Received update for S0000004: 41.0797271728515625
Received update for S0000005: 41.329456329345703125
Received update for S0000006: 4
Received update for S0000007: 4
Received update for S0000008: 5
Received update for S0000009: 5
Received update for USLAB000081: 0
Received update for RUSSEG000001: 7
Received update for RUSSEG000002: 0
Received update for RUSSEG000003: 0
Received update for RUSSEG000004: 0
Received update for RUSSEG000005: 0
Received update for RUSSEG000006: 0
Received update for RUSSEG000007: 0
Received update for RUSSEG000008: 0
Received update for RUSSEG000009: 0
Received update for RUSSEG000010: 0
Received update for RUSSEG000011: 0
Received update for RUSSEG000012: 0
Received update for RUSSEG000013: 1
Received update for RUSSEG000014: 1
Received update for RUSSEG000016: 1
Received update for RUSSEG000017: 1
Received update for RUSSEG000018: 0
Received update for RUSSEG000019: 1
Received update for RUSSEG000020: 0
Received update for RUSSEG000021: 1
Received update for RUSSEG000022: 0
Received update for RUSSEG000023: 0
Received update for RUSSEG000024: 0
Received update for S1000005: 46.799999237060546875
Received update for USLAB000001: 1
Received update for USLAB000002: 1
Received update for USLAB000003: 1
Received update for USLAB000004: 1
Received update for USLAB000005: 4
Received update for USLAB000006: -0.29217940142211318299558797662029974162578582763671875
Received update for USLAB000007: 6.64142464561271683720633518532849848270416259765625
Received update for USLAB000008: -0.06797156868567318099838558964620460756123065948486328125
Received update for USLAB000009: 1141.256739655151250190101563930511474609375
Received update for USLAB000011: 0
Received update for USLAB000013: 2
Received update for USLAB000014: 2
Received update for USLAB000015: 4
Received update for USLAB000016: 1
Received update for USLAB000017: 0
Received update for USLAB000018: 0.99698650836944580078125
Received update for USLAB000019: 0.0041992221958935260772705078125
Received update for USLAB000020: -0.06955809891223907470703125
Received update for USLAB000021: -0.03408764302730560302734375
Received update for USLAB000022: -0.1507661545115523138438362593660713173449039459228515625
Received update for USLAB000023: -0.1455605880073271574115523208092781715095043182373046875
Received update for USLAB000024: 0.01148609861322620433188301802829300868324935436248779296875
Received update for USLAB000025: 0.004811331796406011739042352104434030479751527309417724609375
Received update for USLAB000026: -0.064770393563783723589466490011545829474925994873046875
Received update for USLAB000027: 0.00015818502201273078083994250153665461766649968922138214111328125
Received update for USLAB000028: 0.997064411640167236328125
Received update for USLAB000029: 0.00545731373131275177001953125
Received update for USLAB000030: -0.068245224654674530029296875
Received update for USLAB000031: -0.0342837460339069366455078125
Received update for USLAB000038: 19523.3528587929686182178556919097900390625
Received update for USLAB000039: 485727.0625
Received update for USLAB000040: 14.34375
Received update for USLAB000041: 0
Received update for USLAB000042: 0
Received update for USLAB000043: 0
Received update for USLAB000044: 0
Received update for USLAB000045: 35.924480438232421875
Received update for USLAB000046: 31.8533000946044921875
Received update for USLAB000047: 28.9062519073486328125
Received update for USLAB000048: 33.84114837646484375
Received update for USLAB000049: 33.589412689208984375
Received update for USLAB000050: 25.8550357818603515625
Received update for USLAB000051: 26.1805572509765625
Received update for USLAB000052: 29.0364589691162109375
Received update for Z1000001: 0.010223388671875
Received update for Z1000002: 0.006805419921875
Received update for Z1000003: 0.004852294921875
Received update for Z1000004: 0.008270263671875
Received update for Z1000005: 0.57958984375
Received update for Z1000006: 0.54833984375
Received update for Z1000007: 0.5341796875
Received update for Z1000008: 0.63916015625
Received update for Z1000009: 6601
Received update for Z1000010: 6601
Received update for Z1000011: 6601
Received update for Z1000012: 6601
Received update for USLAB000010: 5.8455982208251953125
Received update for USLAB000012: 5
Received update for RUSSEG000025: 6
Received update for USLAB000032: 5070.5224273786907360772602260112762451171875
Received update for USLAB000033: -1368.705661226673555574961937963962554931640625
Received update for USLAB000034: 4304.6852534407689745421521365642547607421875
Received update for USLAB000035: 4402.24546903089867555536329746246337890625
Received update for USLAB000036: 5191.364639750468995771370828151702880859375
Received update for USLAB000037: -3522.79903764952905476093292236328125
Received update for USLAB000082: 54209
Received update for USLAB000083: 19890
Received update for USLAB000084: 1429654193
Received update for USLAB000085: 0.09765625
Received update for USLAB000087: 7
Received update for USLAB000086: 1
Received update for USLAB000102: 1429654190.0057580471038818359375
Received update for TIME_000001: 10015774918
Received update for TIME_000002: 2025
Received update for RUSSEG000015: 1
Received update for TIME_000001: 10015775000
Received update for USLAB000085: 0.19921875
Received update for TIME_000001: 10015775020
Received update for TIME_000001: 10015775097
Received update for USLAB000085: 0.296875
Received update for TIME_000001: 10015775117
Received update for TIME_000001: 10015775199
Received update for USLAB000085: 0.3984375
Received update for TIME_000001: 10015775219
Received update for TIME_000001: 10015775296
Received update for USLAB000085: 0.5
Received update for TIME_000001: 10015775316
Received update for TIME_000001: 10015775398
Received update for USLAB000085: 0.59765625
Received update for TIME_000001: 10015775418
Received update for TIME_000001: 10015775500
Received update for USLAB000085: 0.69921875
Received update for TIME_000001: 10015775520
Received update for TIME_000001: 10015775597
Received update for USLAB000085: 0.796875
Received update for Z1000014: -44.93408966064453125
Received update for P1000004: 65.5500030517578125
Received update for P1000005: 46.65000152587890625
Received update for P1000002: 2395.24951171875
Received update for AIRLOCK000003: -0.004250000230967998504638671875
Received update for AIRLOCK000008: -0.0048929997719824314117431640625
Received update for AIRLOCK000018: -0.00286699994467198848724365234375
Received update for AIRLOCK000005: -0.02866799943149089813232421875
Received update for AIRLOCK000012: -0.4277749955654144287109375
Received update for USLAB000018: 0.99698638916015625
Received update for USLAB000019: 0.004201346077024936676025390625
Received update for USLAB000010: 5.82152462005615234375
Received update for USLAB000009: 1136.55672505993652521283365786075592041015625
Received update for S4000008: 326.0687255859375
Received update for TIME_000001: 10015775617
Received update for TIME_000001: 10015775699
Received update for USLAB000085: 0.8984375
Received update for TIME_000001: 10015775719
Received update for S4000007: 34.156494140625
Received update for USLAB000025: 0.00472029064495145533886244493260164745151996612548828125
Received update for USLAB000008: -0.067867890592992308196329531710944138467311859130859375
Received update for USLAB000006: -0.340443763296902179860126125277020037174224853515625
Received update for AIRLOCK000049: 748.74737548828125
Received update for USLAB000007: 6.65148813313674924785345865529961884021759033203125
Received update for USLAB000026: -0.06471472483410034559625501060509122908115386962890625
Received update for USLAB000021: -0.0340888015925884246826171875
Received update for USLAB000024: 0.01144003067167941554982402152518261573277413845062255859375
Received update for USLAB000022: -0.1503862117629032602028615883682505227625370025634765625
Received update for USLAB000020: -0.06955932080745697021484375
Received update for USLAB000023: -0.145791800665576010143098528715199790894985198974609375
Received update for TIME_000001: 10015775796
Received update for TIME_000001: 10015775816
Received update for TIME_000001: 10015775898
Received update for USLAB000027: 0.000109679416178914835157225116102353013047832064330577850341796875
Received update for NODE2000006: 8
Received update for S0000001: 24.5855655670166015625
Received update for NODE3000012: 17.1698589324951171875
Received update for S0000005: 41.2653656005859375
Received update for S0000004: 41.0193023681640625
Received update for S0000003: 319.047210693359375
Received update for USLAB000085: 0
Received update for USLAB000085: 0.09765625
Received update for TIME_000001: 10015775918
Received update for USLAB000084: 1429654194
Received update for TIME_000001: 10015776000
Received update for USLAB000085: 0.19921875
Received update for TIME_000001: 10015776020
Received update for TIME_000001: 10015776097
Received update for USLAB000085: 0.296875
Received update for TIME_000001: 10015776117
Received update for TIME_000001: 10015776199
Received update for USLAB000085: 0.3984375
Received update for TIME_000001: 10015776219
Received update for TIME_000001: 10015776296
Received update for USLAB000085: 0.5
Received update for TIME_000001: 10015776316
Received update for TIME_000001: 10015776398
Received update for USLAB000085: 0.59765625
Received update for TIME_000001: 10015776418
Received update for TIME_000001: 10015776500
Received update for USLAB000085: 0.69921875
Received update for TIME_000001: 10015776520
Received update for TIME_000001: 10015776597
Received update for USLAB000085: 0.796875
Received update for Z1000015: -14.66675090789794921875
Received update for Z1000014: -44.86817169189453125
Received update for P1000004: 65.56874847412109375
Received update for P1000005: 46.612499237060546875
Received update for P1000002: 2391.0244140625
Received update for AIRLOCK000003: -0.02866799943149089813232421875
Received update for AIRLOCK000002: 0.001210000016726553440093994140625
Received update for AIRLOCK000005: -0.004250000230967998504638671875
Received update for USLAB000018: 0.99698626995086669921875
Received update for USLAB000019: 0.0042043686844408512115478515625
Received update for USLAB000010: 5.794358730316162109375
Received update for USLAB000009: 1131.2531132667236306588165462017059326171875
Received update for TIME_000001: 10015776617
Received update for USLAB000008: -0.064127897982202475279933651108876802027225494384765625
Received update for TIME_000001: 10015776699
Received update for USLAB000085: 0.8984375
Received update for TIME_000001: 10015776719
Received update for USLAB000007: 6.66508282770538329486953443847596645355224609375
Received update for AIRLOCK000055: 11366.0068359375
Received update for USLAB000006: -0.384617671615958223174658314746920950710773468017578125
Received update for USLAB000025: 0.004781716929344111306765530144957665470428764820098876953125
Received update for USLAB000026: -0.06468498948819469129833947818042361177504062652587890625
Received update for S1000001: 3371.66650390625
Received update for USLAB000024: 0.01132304696504725198547003373050756636075675487518310546875
Received update for S6000007: 33.9532470703125
Received update for USLAB000023: -0.1459407308592461094409742372590699233114719390869140625
Received update for USLAB000020: -0.069559939205646514892578125
Received update for USLAB000021: -0.0340889990329742431640625
Received update for USLAB000022: -0.15013925764742308555099725708714686334133148193359375
Received update for TIME_000001: 10015776796
Received update for TIME_000001: 10015776816
Received update for TIME_000001: 10015776898
Received update for USLAB000027: 0.00019443219210161260981743758247120013038511388003826141357421875
Received update for USLAB000053: 161.716912091884609026237740181386470794677734375
Received update for S0000005: 41.20130157470703125
Received update for S0000004: 40.9588775634765625
Received update for USLAB000055: 1.953936762901395507441293375450186431407928466796875
Received update for S0000003: 319.102142333984375
Received update for USLAB000054: 571.67925942108149683917872607707977294921875
Received update for USLAB000082: 54211
Received update for NODE2000006: 7.9375
Received update for S0000001: 24.5745792388916015625
Received update for S1000005: 46.65000152587890625
Received update for S1000004: 65.5500030517578125
Received update for S1000003: 3.7017023563385009765625
